2015/02/05 18:03:16 [error] [exception.CHttpException.404] exception 'CHttpException' with message 'Unable to resolve the request "gii".' in C:\xampp\htdocs\softclub\framework\web\CWebApplication.php:286
Stack trace:
#0 C:\xampp\htdocs\softclub\framework\web\CWebApplication.php(141): CWebApplication->runController('gii')
#1 C:\xampp\htdocs\softclub\framework\base\CApplication.php(184): CWebApplication->processRequest()
#2 C:\xampp\htdocs\softclub\www\index.php(13): CApplication->run()
#3 {main}
REQUEST_URI=/index.php?r=gii
---
2015/02/05 18:38:46 [error] [exception.CHttpException.404] exception 'CHttpException' with message 'Unable to resolve the request "qii".' in C:\xampp\htdocs\softclub\framework\web\CWebApplication.php:286
Stack trace:
#0 C:\xampp\htdocs\softclub\framework\web\CWebApplication.php(141): CWebApplication->runController('qii')
#1 C:\xampp\htdocs\softclub\framework\base\CApplication.php(184): CWebApplication->processRequest()
#2 C:\xampp\htdocs\softclub\www\index.php(13): CApplication->run()
#3 {main}
REQUEST_URI=/index.php?r=qii
---
2015/02/05 18:39:33 [error] [exception.CHttpException.404] exception 'CHttpException' with message 'Unable to resolve the request "qii".' in C:\xampp\htdocs\softclub\framework\web\CWebApplication.php:286
Stack trace:
#0 C:\xampp\htdocs\softclub\framework\web\CWebApplication.php(141): CWebApplication->runController('qii')
#1 C:\xampp\htdocs\softclub\framework\base\CApplication.php(184): CWebApplication->processRequest()
#2 C:\xampp\htdocs\softclub\www\index.php(13): CApplication->run()
#3 {main}
REQUEST_URI=/index.php?r=qii
---
2015/02/05 18:39:33 [error] [exception.CHttpException.404] exception 'CHttpException' with message 'Unable to resolve the request "qii".' in C:\xampp\htdocs\softclub\framework\web\CWebApplication.php:286
Stack trace:
#0 C:\xampp\htdocs\softclub\framework\web\CWebApplication.php(141): CWebApplication->runController('qii')
#1 C:\xampp\htdocs\softclub\framework\base\CApplication.php(184): CWebApplication->processRequest()
#2 C:\xampp\htdocs\softclub\www\index.php(13): CApplication->run()
#3 {main}
REQUEST_URI=/index.php?r=qii
---
2015/02/05 18:45:06 [error] [exception.CException] exception 'CException' with message 'SiteController cannot find the requested view "subscribe".' in C:\xampp\htdocs\softclub\framework\web\CController.php:878
Stack trace:
#0 C:\xampp\htdocs\softclub\framework\web\CController.php(782): CController->renderPartial('subscribe', Array, true)
#1 C:\xampp\htdocs\softclub\www\protected\controllers\SiteController.php(55): CController->render('subscribe', Array)
#2 C:\xampp\htdocs\softclub\framework\web\actions\CInlineAction.php(49): SiteController->actionIndex()
#3 C:\xampp\htdocs\softclub\framework\web\CController.php(308): CInlineAction->runWithParams(Array)
#4 C:\xampp\htdocs\softclub\framework\web\CController.php(286): CController->runAction(Object(CInlineAction))
#5 C:\xampp\htdocs\softclub\framework\web\CController.php(265): CController->runActionWithFilters(Object(CInlineAction), Array)
#6 C:\xampp\htdocs\softclub\framework\web\CWebApplication.php(282): CController->run('')
#7 C:\xampp\htdocs\softclub\framework\web\CWebApplication.php(141): CWebApplication->runController('')
#8 C:\xampp\htdocs\softclub\framework\base\CApplication.php(184): CWebApplication->processRequest()
#9 C:\xampp\htdocs\softclub\www\index.php(13): CApplication->run()
#10 {main}
REQUEST_URI=/
---
2015/02/05 19:14:43 [error] [system.db.CDbCommand] CDbCommand::execute() failed: SQLSTATE[23000]: Integrity constraint violation: 1062 Duplicate entry 'abc@sds.ru' for key 'email'. The SQL statement executed was: INSERT INTO `emails` (`email`) VALUES (:yp0).
in C:\xampp\htdocs\softclub\www\protected\controllers\SiteController.php (51)
in C:\xampp\htdocs\softclub\www\index.php (13)
2015/02/05 19:14:43 [error] [exception.CDbException] exception 'CDbException' with message 'CDbCommand failed to execute the SQL statement: SQLSTATE[23000]: Integrity constraint violation: 1062 Duplicate entry 'abc@sds.ru' for key 'email'. The SQL statement executed was: INSERT INTO `emails` (`email`) VALUES (:yp0)' in C:\xampp\htdocs\softclub\framework\db\CDbCommand.php:358
Stack trace:
#0 C:\xampp\htdocs\softclub\framework\db\ar\CActiveRecord.php(1080): CDbCommand->execute()
#1 C:\xampp\htdocs\softclub\framework\db\ar\CActiveRecord.php(809): CActiveRecord->insert(NULL)
#2 C:\xampp\htdocs\softclub\www\protected\controllers\SiteController.php(51): CActiveRecord->save()
#3 C:\xampp\htdocs\softclub\framework\web\actions\CInlineAction.php(49): SiteController->actionIndex()
#4 C:\xampp\htdocs\softclub\framework\web\CController.php(308): CInlineAction->runWithParams(Array)
#5 C:\xampp\htdocs\softclub\framework\web\CController.php(286): CController->runAction(Object(CInlineAction))
#6 C:\xampp\htdocs\softclub\framework\web\CController.php(265): CController->runActionWithFilters(Object(CInlineAction), Array)
#7 C:\xampp\htdocs\softclub\framework\web\CWebApplication.php(282): CController->run('')
#8 C:\xampp\htdocs\softclub\framework\web\CWebApplication.php(141): CWebApplication->runController('')
#9 C:\xampp\htdocs\softclub\framework\base\CApplication.php(184): CWebApplication->processRequest()
#10 C:\xampp\htdocs\softclub\www\index.php(13): CApplication->run()
#11 {main}
REQUEST_URI=/
HTTP_REFERER=http://softclub.ru/
---
2015/02/05 19:17:46 [error] [exception.CException] exception 'CException' with message 'Emails and its behaviors do not have a method or closure named "findByAttribute".' in C:\xampp\htdocs\softclub\framework\base\CComponent.php:266
Stack trace:
#0 C:\xampp\htdocs\softclub\framework\db\ar\CActiveRecord.php(227): CComponent->__call('findByAttribute', Array)
#1 C:\xampp\htdocs\softclub\www\protected\controllers\SiteController.php(51): CActiveRecord->__call('findByAttribute', Array)
#2 C:\xampp\htdocs\softclub\www\protected\controllers\SiteController.php(51): Emails->findByAttribute(Array)
#3 C:\xampp\htdocs\softclub\framework\web\actions\CInlineAction.php(49): SiteController->actionIndex()
#4 C:\xampp\htdocs\softclub\framework\web\CController.php(308): CInlineAction->runWithParams(Array)
#5 C:\xampp\htdocs\softclub\framework\web\CController.php(286): CController->runAction(Object(CInlineAction))
#6 C:\xampp\htdocs\softclub\framework\web\CController.php(265): CController->runActionWithFilters(Object(CInlineAction), Array)
#7 C:\xampp\htdocs\softclub\framework\web\CWebApplication.php(282): CController->run('')
#8 C:\xampp\htdocs\softclub\framework\web\CWebApplication.php(141): CWebApplication->runController('')
#9 C:\xampp\htdocs\softclub\framework\base\CApplication.php(184): CWebApplication->processRequest()
#10 C:\xampp\htdocs\softclub\www\index.php(13): CApplication->run()
#11 {main}
REQUEST_URI=/
HTTP_REFERER=http://softclub.ru/
---
